-------------------------------------------------------------------------------
Test set: service.implementations.EmailServiceImplTest
-------------------------------------------------------------------------------
Tests run: 2, Failures: 0, Errors: 1, Skipped: 0, Time elapsed: 3.693 s <<< FAILURE! - in service.implementations.EmailServiceImplTest
sendEmail_ValidInput_Success  Time elapsed: 1.862 s  <<< ERROR!
org.mockito.exceptions.base.MockitoException: 

Mockito cannot mock this class: class javax.mail.Transport.

If you're not sure why you're getting this error, please open an issue on GitHub.


Java               : 22
JVM vendor name    : Oracle Corporation
JVM vendor version : 22.0.2+9-70
JVM name           : Java HotSpot(TM) 64-Bit Server VM
JVM version        : 22.0.2+9-70
JVM info           : mixed mode, sharing
OS name            : Windows 11
OS version         : 10.0


You are seeing this disclaimer because Mockito is configured to create inlined mocks.
You can learn about inline mocks and their limitations under item #39 of the Mockito class javadoc.

Underlying exception : org.mockito.exceptions.base.MockitoException: Could not modify all classes [class javax.mail.Transport, class javax.mail.Service, class java.lang.Object, interface java.lang.AutoCloseable]
	at service.implementations.EmailServiceImplTest.sendEmail_ValidInput_Success(EmailServiceImplTest.java:30)
Caused by: org.mockito.exceptions.base.MockitoException: Could not modify all classes [class javax.mail.Transport, class javax.mail.Service, class java.lang.Object, interface java.lang.AutoCloseable]
	at service.implementations.EmailServiceImplTest.sendEmail_ValidInput_Success(EmailServiceImplTest.java:30)
Caused by: java.lang.IllegalStateException: 

Byte Buddy could not instrument all classes within the mock's type hierarchy

This problem should never occur for javac-compiled classes. This problem has been observed for classes that are:
 - Compiled by older versions of scalac
 - Classes that are part of the Android distribution
	at service.implementations.EmailServiceImplTest.sendEmail_ValidInput_Success(EmailServiceImplTest.java:30)
Caused by: java.lang.IllegalArgumentException: Java 22 (66) is not supported by the current version of Byte Buddy which officially supports Java 21 (65) - update Byte Buddy or set net.bytebuddy.experimental as a VM property
	at service.implementations.EmailServiceImplTest.sendEmail_ValidInput_Success(EmailServiceImplTest.java:30)

