<?xml version="1.0" encoding="UTF-8"?>
<testsuite xmlns:xsi="http://www.w3.org/2001/XMLSchema-instance" xsi:noNamespaceSchemaLocation="https://maven.apache.org/surefire/maven-surefire-plugin/xsd/surefire-test-report.xsd" name="service.implementations.VacationServiceImplTest" time="0.136" tests="5" errors="0" skipped="0" failures="0">
  <properties>
[...]
</properties>
  <testcase name="calculateVacationDays_InvalidPeriod" classname="service.implementations.VacationServiceImplTest" time="0.093"/>
  <testcase name="rejectVacation_Success" classname="service.implementations.VacationServiceImplTest" time="0.016"/>
  <testcase name="requestVacation_Success" classname="service.implementations.VacationServiceImplTest" time="0.015"/>
  <testcase name="calculateVacationDays_ValidPeriod" classname="service.implementations.VacationServiceImplTest" time="0.001"/>
  <testcase name="approveVacation_Success" classname="service.implementations.VacationServiceImplTest" time="0.003"/>
</testsuite>